Using pre-set license
Built from '2021.3/staging' branch; Version is '2021.3.7f1 (24e8595d6d43) revision 2418777'; Using compiler version '192829333'; Build Type 'Release'
OS: 'Windows 11  (10.0.22000) 64bit Professional' Language: 'ko' Physical Memory: 14020 MB
BatchMode: 1, IsHumanControllingUs: 0, StartBugReporterOnCrash: 0, Is64bit: 1, IsPro: 1

COMMAND LINE ARGUMENTS:
C:\Program Files\Unity\Hub\Editor\2021.3.7f1\Editor\Unity.exe
-adb2
-batchMode
-noUpm
-name
AssetImportWorker3
-projectPath
C:/Users/6800U/Desktop/Unity/TopDown2DGame/Moonless
-logFile
Logs/AssetImportWorker3.log
-srvPort
51117
Successfully changed project path to: C:/Users/6800U/Desktop/Unity/TopDown2DGame/Moonless
C:/Users/6800U/Desktop/Unity/TopDown2DGame/Moonless
[UnityMemory] Configuration Parameters - Can be set up in boot.config
    "memorysetup-bucket-allocator-granularity=16"
    "memorysetup-bucket-allocator-bucket-count=8"
    "memorysetup-bucket-allocator-block-size=33554432"
    "memorysetup-bucket-allocator-block-count=8"
    "memorysetup-main-allocator-block-size=16777216"
    "memorysetup-thread-allocator-block-size=16777216"
    "memorysetup-gfx-main-allocator-block-size=16777216"
    "memorysetup-gfx-thread-allocator-block-size=16777216"
    "memorysetup-cache-allocator-block-size=4194304"
    "memorysetup-typetree-allocator-block-size=2097152"
    "memorysetup-profiler-bucket-allocator-granularity=16"
    "memorysetup-profiler-bucket-allocator-bucket-count=8"
    "memorysetup-profiler-bucket-allocator-block-size=33554432"
    "memorysetup-profiler-bucket-allocator-block-count=8"
    "memorysetup-profiler-allocator-block-size=16777216"
    "memorysetup-profiler-editor-allocator-block-size=1048576"
    "memorysetup-temp-allocator-size-main=16777216"
    "memorysetup-job-temp-allocator-block-size=2097152"
    "memorysetup-job-temp-allocator-block-size-background=1048576"
    "memorysetup-job-temp-allocator-reduction-small-platforms=262144"
    "memorysetup-temp-allocator-size-background-worker=32768"
    "memorysetup-temp-allocator-size-job-worker=262144"
    "memorysetup-temp-allocator-size-preload-manager=33554432"
    "memorysetup-temp-allocator-size-nav-mesh-worker=65536"
    "memorysetup-temp-allocator-size-audio-worker=65536"
    "memorysetup-temp-allocator-size-cloud-worker=32768"
    "memorysetup-temp-allocator-size-gi-baking-worker=262144"
    "memorysetup-temp-allocator-size-gfx=262144"
Refreshing native plugins compatible for Editor in 91.83 ms, found 4 plugins.
Preloading 0 native plugins for Editor in 0.00 ms.
Initialize engine version: 2021.3.7f1 (24e8595d6d43)
[Subsystems] Discovering subsystems at path C:/Program Files/Unity/Hub/Editor/2021.3.7f1/Editor/Data/Resources/UnitySubsystems
[Subsystems] Discovering subsystems at path C:/Users/6800U/Desktop/Unity/TopDown2DGame/Moonless/Assets
GfxDevice: creating device client; threaded=0; jobified=0
Direct3D:
    Version:  Direct3D 11.0 [level 11.1]
    Renderer: AMD Radeon(TM) Graphics (ID=0x1681)
    Vendor:   ATI
    VRAM:     7010 MB
    Driver:   30.0.14044.3001
Initialize mono
Mono path[0] = 'C:/Program Files/Unity/Hub/Editor/2021.3.7f1/Editor/Data/Managed'
Mono path[1] = 'C:/Program Files/Unity/Hub/Editor/2021.3.7f1/Editor/Data/MonoBleedingEdge/lib/mono/unityjit-win32'
Mono config path = 'C:/Program Files/Unity/Hub/Editor/2021.3.7f1/Editor/Data/MonoBleedingEdge/etc'
Using monoOptions --debugger-agent=transport=dt_socket,embedding=1,server=y,suspend=n,address=127.0.0.1:56744
Begin MonoManager ReloadAssembly
Registering precompiled unity dll's ...
Register platform support module: C:/Program Files/Unity/Hub/Editor/2021.3.7f1/Editor/Data/PlaybackEngines/WebGLSupport/UnityEditor.WebGL.Extensions.dll
Register platform support module: C:/Program Files/Unity/Hub/Editor/2021.3.7f1/Editor/Data/PlaybackEngines/AndroidPlayer/UnityEditor.Android.Extensions.dll
Register platform support module: C:/Program Files/Unity/Hub/Editor/2021.3.7f1/Editor/Data/PlaybackEngines/WindowsStandaloneSupport/UnityEditor.WindowsStandalone.Extensions.dll
Registered in 0.007232 seconds.
Native extension for WindowsStandalone target not found
Native extension for Android target not found
Native extension for WebGL target not found
Refreshing native plugins compatible for Editor in 85.56 ms, found 4 plugins.
Preloading 0 native plugins for Editor in 0.00 ms.
Mono: successfully reloaded assembly
- Completed reload, in  0.657 seconds
Domain Reload Profiling:
	ReloadAssembly (657ms)
		BeginReloadAssembly (66ms)
			ExecutionOrderSort (0ms)
			DisableScriptedObjects (0ms)
			BackupInstance (0ms)
			ReleaseScriptingObjects (0ms)
			CreateAndSetChildDomain (1ms)
		EndReloadAssembly (479ms)
			LoadAssemblies (64ms)
			RebuildTransferFunctionScriptingTraits (0ms)
			SetupTypeCache (124ms)
			ReleaseScriptCaches (0ms)
			RebuildScriptCaches (28ms)
			SetupLoadedEditorAssemblies (276ms)
				LogAssemblyErrors (0ms)
				InitializePlatformSupportModulesInManaged (55ms)
				SetLoadedEditorAssemblies (0ms)
				RefreshPlugins (86ms)
				BeforeProcessingInitializeOnLoad (1ms)
				ProcessInitializeOnLoadAttributes (90ms)
				ProcessInitializeOnLoadMethodAttributes (43ms)
				AfterProcessingInitializeOnLoad (0ms)
				EditorAssembliesLoaded (0ms)
			ExecutionOrderSort2 (0ms)
			AwakeInstancesAfterBackupRestoration (0ms)
Platform modules already initialized, skipping
Registering precompiled user dll's ...
Registered in 0.007823 seconds.
Begin MonoManager ReloadAssembly
Symbol file LoadedFromMemory doesn't match image C:\Users\6800U\Desktop\Unity\TopDown2DGame\Moonless\Library\PackageCache\com.unity.visualscripting@1.7.8\Editor\VisualScripting.Core\Dependencies\YamlDotNet\Unity.VisualScripting.YamlDotNet.dll
Symbol file LoadedFromMemory doesn't match image C:\Users\6800U\Desktop\Unity\TopDown2DGame\Moonless\Library\PackageCache\com.unity.visualscripting@1.7.8\Editor\VisualScripting.Core\Dependencies\DotNetZip\Unity.VisualScripting.IonicZip.dll
Native extension for WindowsStandalone target not found
Native extension for Android target not found
Native extension for WebGL target not found
Refreshing native plugins compatible for Editor in 80.60 ms, found 4 plugins.
Preloading 0 native plugins for Editor in 0.00 ms.
Mono: successfully reloaded assembly
- Completed reload, in  1.192 seconds
Domain Reload Profiling:
	ReloadAssembly (1193ms)
		BeginReloadAssembly (238ms)
			ExecutionOrderSort (0ms)
			DisableScriptedObjects (6ms)
			BackupInstance (0ms)
			ReleaseScriptingObjects (0ms)
			CreateAndSetChildDomain (138ms)
		EndReloadAssembly (840ms)
			LoadAssemblies (102ms)
			RebuildTransferFunctionScriptingTraits (0ms)
			SetupTypeCache (240ms)
			ReleaseScriptCaches (1ms)
			RebuildScriptCaches (59ms)
			SetupLoadedEditorAssemblies (407ms)
				LogAssemblyErrors (0ms)
				InitializePlatformSupportModulesInManaged (13ms)
				SetLoadedEditorAssemblies (0ms)
				RefreshPlugins (81ms)
				BeforeProcessingInitializeOnLoad (92ms)
				ProcessInitializeOnLoadAttributes (185ms)
				ProcessInitializeOnLoadMethodAttributes (33ms)
				AfterProcessingInitializeOnLoad (4ms)
				EditorAssembliesLoaded (0ms)
			ExecutionOrderSort2 (0ms)
			AwakeInstancesAfterBackupRestoration (6ms)
Platform modules already initialized, skipping
========================================================================
Worker process is ready to serve import requests
Launched and connected shader compiler UnityShaderCompiler.exe after 0.05 seconds
Refreshing native plugins compatible for Editor in 0.68 ms, found 4 plugins.
Preloading 0 native plugins for Editor in 0.00 ms.
Unloading 4073 Unused Serialized files (Serialized files now loaded: 0)
Unloading 44 unused Assets / (222.3 KB). Loaded Objects now: 4526.
Memory consumption went from 156.1 MB to 155.9 MB.
Total: 3.480400 ms (FindLiveObjects: 0.301800 ms CreateObjectMapping: 0.108300 ms MarkObjects: 2.904200 ms  DeleteObjects: 0.165500 ms)

AssetImportParameters requested are different than current active one (requested -> active):
  custom:video-decoder-ogg-theora: a1e56fd34408186e4bbccfd4996cb3dc -> 
  custom:container-muxer-webm: aa71ff27fc2769a1b78a27578f13a17b -> 
  custom:container-demuxer-webm: 4f35f7cbe854078d1ac9338744f61a02 -> 
  custom:video-encoder-webm-vp8: eb34c28f22e8b96e1ab97ce403110664 -> 
  custom:audio-encoder-webm-vorbis: bf7c407c2cedff20999df2af8eb42d56 -> 
  custom:framework-win-MediaFoundation: 216162199b28c13a410421893ffa2e32 -> 
  custom:container-demuxer-ogg: 62fdf1f143b41e24485cea50d1cbac27 -> 
  custom:video-decoder-webm-vp8: 9c59270c3fd7afecdb556c50c9e8de78 -> 
  custom:audio-decoder-ogg-vorbis: bf7c407c2cedff20999df2af8eb42d56 -> 
========================================================================
Received Import Request.
  Time since last request: 218209.188769 seconds.
  path: Assets/Tiles/Layer_0001_8_1.asset
  artifactKey: Guid(9368b3c22e61d44429c6609f45e8ac93) Importer(815301076,1909f56bfc062723c751e8b465ee728b)
Start importing Assets/Tiles/Layer_0001_8_1.asset using Guid(9368b3c22e61d44429c6609f45e8ac93) Importer(815301076,1909f56bfc062723c751e8b465ee728b)  -> (artifact id: '5f57c0e809c3460fcd164b10ca842f22') in 0.037933 seconds 
========================================================================
Received Import Request.
  Time since last request: 0.000025 seconds.
  path: Assets/Tiles/Layer_0001_8_9.asset
  artifactKey: Guid(6c434fc7a7eb92f4b9263e8e632e12d6) Importer(815301076,1909f56bfc062723c751e8b465ee728b)
Start importing Assets/Tiles/Layer_0001_8_9.asset using Guid(6c434fc7a7eb92f4b9263e8e632e12d6) Importer(815301076,1909f56bfc062723c751e8b465ee728b)  -> (artifact id: 'c01cf7cad1473ea9774e5936ba42734d') in 0.009094 seconds 
========================================================================
Received Import Request.
  Time since last request: 0.000031 seconds.
  path: Assets/Tiles/Layer_0001_8_26.asset
  artifactKey: Guid(e980a6be3dd83b6488513762cb196af2) Importer(815301076,1909f56bfc062723c751e8b465ee728b)
Start importing Assets/Tiles/Layer_0001_8_26.asset using Guid(e980a6be3dd83b6488513762cb196af2) Importer(815301076,1909f56bfc062723c751e8b465ee728b)  -> (artifact id: '063400c7cd2691e69dcced1686a8f8ef') in 0.004336 seconds 
========================================================================
Received Import Request.
  Time since last request: 0.000026 seconds.
  path: Assets/Tiles/Layer_0001_8_5.asset
  artifactKey: Guid(7cd9308ab53f5d54eb01c5a7e012410b) Importer(815301076,1909f56bfc062723c751e8b465ee728b)
Start importing Assets/Tiles/Layer_0001_8_5.asset using Guid(7cd9308ab53f5d54eb01c5a7e012410b) Importer(815301076,1909f56bfc062723c751e8b465ee728b)  -> (artifact id: 'd9fd2b5a54134e29e16c245bac982ab6') in 0.004178 seconds 
========================================================================
Received Import Request.
  Time since last request: 0.000022 seconds.
  path: Assets/Tiles/Layer_0001_8_12.asset
  artifactKey: Guid(4c098e327c1440c42ac25d6256f41dcb) Importer(815301076,1909f56bfc062723c751e8b465ee728b)
Start importing Assets/Tiles/Layer_0001_8_12.asset using Guid(4c098e327c1440c42ac25d6256f41dcb) Importer(815301076,1909f56bfc062723c751e8b465ee728b)  -> (artifact id: '9b3a0c97bb6ea1a5e42e1568c5d8dffd') in 0.005098 seconds 
========================================================================
Received Import Request.
  Time since last request: 0.000031 seconds.
  path: Assets/Tiles/Layer_0001_8_4.asset
  artifactKey: Guid(40de847c4dd34a64fba005fd25da73d6) Importer(815301076,1909f56bfc062723c751e8b465ee728b)
Start importing Assets/Tiles/Layer_0001_8_4.asset using Guid(40de847c4dd34a64fba005fd25da73d6) Importer(815301076,1909f56bfc062723c751e8b465ee728b)  -> (artifact id: 'ffebdc9c03183f3b18c2086f9c422c10') in 0.004463 seconds 
========================================================================
Received Import Request.
  Time since last request: 0.000030 seconds.
  path: Assets/Tiles/Layer_0001_8_16.asset
  artifactKey: Guid(cef8aa73ced68fc4d8297814102e50c1) Importer(815301076,1909f56bfc062723c751e8b465ee728b)
Start importing Assets/Tiles/Layer_0001_8_16.asset using Guid(cef8aa73ced68fc4d8297814102e50c1) Importer(815301076,1909f56bfc062723c751e8b465ee728b)  -> (artifact id: '452d9b7ae9bf475018dc56700e0bd59b') in 0.009557 seconds 
========================================================================
Received Import Request.
  Time since last request: 0.000087 seconds.
  path: Assets/Tiles/Layer_0001_8_21.asset
  artifactKey: Guid(0f92edc27e77e554a85eb04920e6fcc8) Importer(815301076,1909f56bfc062723c751e8b465ee728b)
Start importing Assets/Tiles/Layer_0001_8_21.asset using Guid(0f92edc27e77e554a85eb04920e6fcc8) Importer(815301076,1909f56bfc062723c751e8b465ee728b)  -> (artifact id: 'db572732d69b48712f7cce107f570c24') in 0.006128 seconds 
========================================================================
Received Import Request.
  Time since last request: 0.000029 seconds.
  path: Assets/Tiles/Layer_0001_8_28.asset
  artifactKey: Guid(2e0593aa995aa3844af5f758743dc1b3) Importer(815301076,1909f56bfc062723c751e8b465ee728b)
Start importing Assets/Tiles/Layer_0001_8_28.asset using Guid(2e0593aa995aa3844af5f758743dc1b3) Importer(815301076,1909f56bfc062723c751e8b465ee728b)  -> (artifact id: 'c6a3c6fea4a38ff4a427934a6d1448f3') in 0.010420 seconds 
========================================================================
Received Import Request.
  Time since last request: 0.000029 seconds.
  path: Assets/Tiles/Layer_0001_8_22.asset
  artifactKey: Guid(900b2a8e3d7990d4296a0bc4be7c7139) Importer(815301076,1909f56bfc062723c751e8b465ee728b)
Start importing Assets/Tiles/Layer_0001_8_22.asset using Guid(900b2a8e3d7990d4296a0bc4be7c7139) Importer(815301076,1909f56bfc062723c751e8b465ee728b)  -> (artifact id: '4b4c561dbb9b6165bc43a3dc357b3884') in 0.005419 seconds 
========================================================================
Received Import Request.
  Time since last request: 0.000032 seconds.
  path: Assets/Tiles/Layer_0001_8_30.asset
  artifactKey: Guid(ddd40c500ff458b4185f2951973c3908) Importer(815301076,1909f56bfc062723c751e8b465ee728b)
Start importing Assets/Tiles/Layer_0001_8_30.asset using Guid(ddd40c500ff458b4185f2951973c3908) Importer(815301076,1909f56bfc062723c751e8b465ee728b)  -> (artifact id: 'c4839a479ff9888eef5e586dfded4048') in 0.005326 seconds 
========================================================================
Received Import Request.
  Time since last request: 0.000043 seconds.
  path: Assets/Tiles/Layer_0001_8_3.asset
  artifactKey: Guid(81ad5498645e1d3478ca62b047a780b0) Importer(815301076,1909f56bfc062723c751e8b465ee728b)
Start importing Assets/Tiles/Layer_0001_8_3.asset using Guid(81ad5498645e1d3478ca62b047a780b0) Importer(815301076,1909f56bfc062723c751e8b465ee728b)  -> (artifact id: '073d9c00286040f2d2a6b41bf97c52c3') in 0.004993 seconds 
========================================================================
Received Import Request.
  Time since last request: 0.000031 seconds.
  path: Assets/Tiles/Layer_0001_8_18.asset
  artifactKey: Guid(4257ef0c1754cb64ab1d4b00489fcb46) Importer(815301076,1909f56bfc062723c751e8b465ee728b)
Start importing Assets/Tiles/Layer_0001_8_18.asset using Guid(4257ef0c1754cb64ab1d4b00489fcb46) Importer(815301076,1909f56bfc062723c751e8b465ee728b)  -> (artifact id: '6d8f034cf323310f1ac68b00af1367cc') in 0.006721 seconds 
========================================================================
Received Import Request.
  Time since last request: 0.000033 seconds.
  path: Assets/Tiles/Layer_0001_8_24.asset
  artifactKey: Guid(cc51e8da224fa2649b28e04805766b0f) Importer(815301076,1909f56bfc062723c751e8b465ee728b)
Start importing Assets/Tiles/Layer_0001_8_24.asset using Guid(cc51e8da224fa2649b28e04805766b0f) Importer(815301076,1909f56bfc062723c751e8b465ee728b)  -> (artifact id: '4d63680950752604008ad3ebd46e5ed6') in 0.005461 seconds 
========================================================================
Received Import Request.
  Time since last request: 0.000023 seconds.
  path: Assets/Tiles/Layer_0001_8_11.asset
  artifactKey: Guid(2e80351750557cc4cbbabbe1f8b0cd2e) Importer(815301076,1909f56bfc062723c751e8b465ee728b)
Start importing Assets/Tiles/Layer_0001_8_11.asset using Guid(2e80351750557cc4cbbabbe1f8b0cd2e) Importer(815301076,1909f56bfc062723c751e8b465ee728b)  -> (artifact id: 'be3e8a69fe17ed11f7694c2ce41018f3') in 0.004885 seconds 
========================================================================
Received Import Request.
  Time since last request: 0.000031 seconds.
  path: Assets/Tiles/Layer_0001_8_7.asset
  artifactKey: Guid(0bbdb7623ff22674c9dd686997f5af64) Importer(815301076,1909f56bfc062723c751e8b465ee728b)
Start importing Assets/Tiles/Layer_0001_8_7.asset using Guid(0bbdb7623ff22674c9dd686997f5af64) Importer(815301076,1909f56bfc062723c751e8b465ee728b)  -> (artifact id: '350fa87b6d300e77fe6f4f7023f8dc09') in 0.005097 seconds 
Editor requested this worker to shutdown with reason: Scaling down because of idle timeout
AssetImportWorker is now disconnected from the server
Process exiting
Exiting without the bug reporter. Application will terminate with return code 0