Using pre-set license
Built from '2021.3/staging' branch; Version is '2021.3.7f1 (24e8595d6d43) revision 2418777'; Using compiler version '192829333'; Build Type 'Release'
OS: 'Windows 11  (10.0.22000) 64bit Professional' Language: 'ko' Physical Memory: 14020 MB
BatchMode: 1, IsHumanControllingUs: 0, StartBugReporterOnCrash: 0, Is64bit: 1, IsPro: 1

COMMAND LINE ARGUMENTS:
C:\Program Files\Unity\Hub\Editor\2021.3.7f1\Editor\Unity.exe
-adb2
-batchMode
-noUpm
-name
AssetImportWorker0
-projectPath
C:/Users/6800U/Desktop/Unity/TopDown2DGame/Moonless
-logFile
Logs/AssetImportWorker0.log
-srvPort
51117
Successfully changed project path to: C:/Users/6800U/Desktop/Unity/TopDown2DGame/Moonless
C:/Users/6800U/Desktop/Unity/TopDown2DGame/Moonless
[UnityMemory] Configuration Parameters - Can be set up in boot.config
    "memorysetup-bucket-allocator-granularity=16"
    "memorysetup-bucket-allocator-bucket-count=8"
    "memorysetup-bucket-allocator-block-size=33554432"
    "memorysetup-bucket-allocator-block-count=8"
    "memorysetup-main-allocator-block-size=16777216"
    "memorysetup-thread-allocator-block-size=16777216"
    "memorysetup-gfx-main-allocator-block-size=16777216"
    "memorysetup-gfx-thread-allocator-block-size=16777216"
    "memorysetup-cache-allocator-block-size=4194304"
    "memorysetup-typetree-allocator-block-size=2097152"
    "memorysetup-profiler-bucket-allocator-granularity=16"
    "memorysetup-profiler-bucket-allocator-bucket-count=8"
    "memorysetup-profiler-bucket-allocator-block-size=33554432"
    "memorysetup-profiler-bucket-allocator-block-count=8"
    "memorysetup-profiler-allocator-block-size=16777216"
    "memorysetup-profiler-editor-allocator-block-size=1048576"
    "memorysetup-temp-allocator-size-main=16777216"
    "memorysetup-job-temp-allocator-block-size=2097152"
    "memorysetup-job-temp-allocator-block-size-background=1048576"
    "memorysetup-job-temp-allocator-reduction-small-platforms=262144"
    "memorysetup-temp-allocator-size-background-worker=32768"
    "memorysetup-temp-allocator-size-job-worker=262144"
    "memorysetup-temp-allocator-size-preload-manager=33554432"
    "memorysetup-temp-allocator-size-nav-mesh-worker=65536"
    "memorysetup-temp-allocator-size-audio-worker=65536"
    "memorysetup-temp-allocator-size-cloud-worker=32768"
    "memorysetup-temp-allocator-size-gi-baking-worker=262144"
    "memorysetup-temp-allocator-size-gfx=262144"
Refreshing native plugins compatible for Editor in 80.16 ms, found 4 plugins.
Preloading 0 native plugins for Editor in 0.00 ms.
Initialize engine version: 2021.3.7f1 (24e8595d6d43)
[Subsystems] Discovering subsystems at path C:/Program Files/Unity/Hub/Editor/2021.3.7f1/Editor/Data/Resources/UnitySubsystems
[Subsystems] Discovering subsystems at path C:/Users/6800U/Desktop/Unity/TopDown2DGame/Moonless/Assets
GfxDevice: creating device client; threaded=0; jobified=0
Direct3D:
    Version:  Direct3D 11.0 [level 11.1]
    Renderer: AMD Radeon(TM) Graphics (ID=0x1681)
    Vendor:   ATI
    VRAM:     7010 MB
    Driver:   30.0.14044.3001
Initialize mono
Mono path[0] = 'C:/Program Files/Unity/Hub/Editor/2021.3.7f1/Editor/Data/Managed'
Mono path[1] = 'C:/Program Files/Unity/Hub/Editor/2021.3.7f1/Editor/Data/MonoBleedingEdge/lib/mono/unityjit-win32'
Mono config path = 'C:/Program Files/Unity/Hub/Editor/2021.3.7f1/Editor/Data/MonoBleedingEdge/etc'
Using monoOptions --debugger-agent=transport=dt_socket,embedding=1,server=y,suspend=n,address=127.0.0.1:56332
Begin MonoManager ReloadAssembly
Registering precompiled unity dll's ...
Register platform support module: C:/Program Files/Unity/Hub/Editor/2021.3.7f1/Editor/Data/PlaybackEngines/WebGLSupport/UnityEditor.WebGL.Extensions.dll
Register platform support module: C:/Program Files/Unity/Hub/Editor/2021.3.7f1/Editor/Data/PlaybackEngines/AndroidPlayer/UnityEditor.Android.Extensions.dll
Register platform support module: C:/Program Files/Unity/Hub/Editor/2021.3.7f1/Editor/Data/PlaybackEngines/WindowsStandaloneSupport/UnityEditor.WindowsStandalone.Extensions.dll
Registered in 0.004168 seconds.
Native extension for WindowsStandalone target not found
Native extension for Android target not found
Native extension for WebGL target not found
Refreshing native plugins compatible for Editor in 72.43 ms, found 4 plugins.
Preloading 0 native plugins for Editor in 0.00 ms.
Mono: successfully reloaded assembly
- Completed reload, in  1.103 seconds
Domain Reload Profiling:
	ReloadAssembly (1104ms)
		BeginReloadAssembly (157ms)
			ExecutionOrderSort (0ms)
			DisableScriptedObjects (0ms)
			BackupInstance (0ms)
			ReleaseScriptingObjects (0ms)
			CreateAndSetChildDomain (1ms)
		EndReloadAssembly (694ms)
			LoadAssemblies (156ms)
			RebuildTransferFunctionScriptingTraits (0ms)
			SetupTypeCache (399ms)
			ReleaseScriptCaches (0ms)
			RebuildScriptCaches (24ms)
			SetupLoadedEditorAssemblies (233ms)
				LogAssemblyErrors (0ms)
				InitializePlatformSupportModulesInManaged (46ms)
				SetLoadedEditorAssemblies (0ms)
				RefreshPlugins (72ms)
				BeforeProcessingInitializeOnLoad (1ms)
				ProcessInitializeOnLoadAttributes (75ms)
				ProcessInitializeOnLoadMethodAttributes (39ms)
				AfterProcessingInitializeOnLoad (0ms)
				EditorAssembliesLoaded (0ms)
			ExecutionOrderSort2 (0ms)
			AwakeInstancesAfterBackupRestoration (0ms)
Platform modules already initialized, skipping
Registering precompiled user dll's ...
Registered in 0.005473 seconds.
Android Extension - Scanning For ADB Devices 4673 ms
Begin MonoManager ReloadAssembly
Symbol file LoadedFromMemory doesn't match image C:\Users\6800U\Desktop\Unity\TopDown2DGame\Moonless\Library\PackageCache\com.unity.visualscripting@1.7.8\Editor\VisualScripting.Core\Dependencies\YamlDotNet\Unity.VisualScripting.YamlDotNet.dll
Symbol file LoadedFromMemory doesn't match image C:\Users\6800U\Desktop\Unity\TopDown2DGame\Moonless\Library\PackageCache\com.unity.visualscripting@1.7.8\Editor\VisualScripting.Core\Dependencies\DotNetZip\Unity.VisualScripting.IonicZip.dll
Native extension for WindowsStandalone target not found
Native extension for Android target not found
Native extension for WebGL target not found
Refreshing native plugins compatible for Editor in 73.10 ms, found 4 plugins.
Preloading 0 native plugins for Editor in 0.00 ms.
Mono: successfully reloaded assembly
- Completed reload, in  1.355 seconds
Domain Reload Profiling:
	ReloadAssembly (1355ms)
		BeginReloadAssembly (96ms)
			ExecutionOrderSort (0ms)
			DisableScriptedObjects (5ms)
			BackupInstance (0ms)
			ReleaseScriptingObjects (0ms)
			CreateAndSetChildDomain (22ms)
		EndReloadAssembly (1167ms)
			LoadAssemblies (63ms)
			RebuildTransferFunctionScriptingTraits (0ms)
			SetupTypeCache (557ms)
			ReleaseScriptCaches (1ms)
			RebuildScriptCaches (45ms)
			SetupLoadedEditorAssemblies (461ms)
				LogAssemblyErrors (0ms)
				InitializePlatformSupportModulesInManaged (12ms)
				SetLoadedEditorAssemblies (0ms)
				RefreshPlugins (73ms)
				BeforeProcessingInitializeOnLoad (78ms)
				ProcessInitializeOnLoadAttributes (260ms)
				ProcessInitializeOnLoadMethodAttributes (33ms)
				AfterProcessingInitializeOnLoad (4ms)
				EditorAssembliesLoaded (0ms)
			ExecutionOrderSort2 (0ms)
			AwakeInstancesAfterBackupRestoration (4ms)
Platform modules already initialized, skipping
========================================================================
Worker process is ready to serve import requests
Launched and connected shader compiler UnityShaderCompiler.exe after 0.09 seconds
Refreshing native plugins compatible for Editor in 0.93 ms, found 4 plugins.
Preloading 0 native plugins for Editor in 0.00 ms.
Unloading 4073 Unused Serialized files (Serialized files now loaded: 0)
Unloading 44 unused Assets / (222.3 KB). Loaded Objects now: 4526.
Memory consumption went from 156.1 MB to 155.9 MB.
Total: 3.833800 ms (FindLiveObjects: 0.420900 ms CreateObjectMapping: 0.185200 ms MarkObjects: 3.057800 ms  DeleteObjects: 0.168800 ms)

AssetImportParameters requested are different than current active one (requested -> active):
  custom:video-decoder-ogg-theora: a1e56fd34408186e4bbccfd4996cb3dc -> 
  custom:container-muxer-webm: aa71ff27fc2769a1b78a27578f13a17b -> 
  custom:container-demuxer-webm: 4f35f7cbe854078d1ac9338744f61a02 -> 
  custom:video-encoder-webm-vp8: eb34c28f22e8b96e1ab97ce403110664 -> 
  custom:audio-encoder-webm-vorbis: bf7c407c2cedff20999df2af8eb42d56 -> 
  custom:framework-win-MediaFoundation: 216162199b28c13a410421893ffa2e32 -> 
  custom:container-demuxer-ogg: 62fdf1f143b41e24485cea50d1cbac27 -> 
  custom:video-decoder-webm-vp8: 9c59270c3fd7afecdb556c50c9e8de78 -> 
  custom:audio-decoder-ogg-vorbis: bf7c407c2cedff20999df2af8eb42d56 -> 
========================================================================
Received Import Request.
  Time since last request: 217363.690191 seconds.
  path: Assets/Free Pixel Art Forest/Layer_0001_8.png
  artifactKey: Guid(1fc22b1cb3169134b9a8b607091e8944) Importer(815301076,1909f56bfc062723c751e8b465ee728b)
Start importing Assets/Free Pixel Art Forest/Layer_0001_8.png using Guid(1fc22b1cb3169134b9a8b607091e8944) Importer(815301076,1909f56bfc062723c751e8b465ee728b)  -> (artifact id: '7f1402858d9693b02000da39e911c8e9') in 0.194018 seconds 
========================================================================
Received Import Request.
  Time since last request: 15.520340 seconds.
  path: Assets/Free Pixel Art Forest/Layer_0001_8.png
  artifactKey: Guid(1fc22b1cb3169134b9a8b607091e8944) Importer(815301076,1909f56bfc062723c751e8b465ee728b)
Start importing Assets/Free Pixel Art Forest/Layer_0001_8.png using Guid(1fc22b1cb3169134b9a8b607091e8944) Importer(815301076,1909f56bfc062723c751e8b465ee728b)  -> (artifact id: 'c4f807963a5cf9d8e94eec118c3248de') in 0.086395 seconds 
========================================================================
Received Import Request.
  Time since last request: 127.597328 seconds.
  path: Assets/Free Pixel Art Forest/Layer_0001_8.png
  artifactKey: Guid(1fc22b1cb3169134b9a8b607091e8944) Importer(815301076,1909f56bfc062723c751e8b465ee728b)
Start importing Assets/Free Pixel Art Forest/Layer_0001_8.png using Guid(1fc22b1cb3169134b9a8b607091e8944) Importer(815301076,1909f56bfc062723c751e8b465ee728b)  -> (artifact id: '7ab90efa7ac72038cb84a1cd900990c5') in 0.086830 seconds 
========================================================================
Received Import Request.
  Time since last request: 6.222503 seconds.
  path: Assets/Free Pixel Art Forest/Layer_0001_8.png
  artifactKey: Guid(1fc22b1cb3169134b9a8b607091e8944) Importer(815301076,1909f56bfc062723c751e8b465ee728b)
Start importing Assets/Free Pixel Art Forest/Layer_0001_8.png using Guid(1fc22b1cb3169134b9a8b607091e8944) Importer(815301076,1909f56bfc062723c751e8b465ee728b)  -> (artifact id: 'a0915f8e9d8508dfe711885c70d23d95') in 0.053261 seconds 
========================================================================
Received Import Request.
  Time since last request: 24.902519 seconds.
  path: Assets/Free Pixel Art Forest/Layer_0001_8 1.png
  artifactKey: Guid(dbbeb793b70c8db47ab78576dd4c5925) Importer(815301076,1909f56bfc062723c751e8b465ee728b)
Start importing Assets/Free Pixel Art Forest/Layer_0001_8 1.png using Guid(dbbeb793b70c8db47ab78576dd4c5925) Importer(815301076,1909f56bfc062723c751e8b465ee728b)  -> (artifact id: 'd22d2f2c9e99b499cda2538789d104fa') in 0.097497 seconds 
========================================================================
Received Import Request.
  Time since last request: 15.326914 seconds.
  path: Assets/Free Pixel Art Forest/Layer_0001_8 1.png
  artifactKey: Guid(dbbeb793b70c8db47ab78576dd4c5925) Importer(815301076,1909f56bfc062723c751e8b465ee728b)
Start importing Assets/Free Pixel Art Forest/Layer_0001_8 1.png using Guid(dbbeb793b70c8db47ab78576dd4c5925) Importer(815301076,1909f56bfc062723c751e8b465ee728b)  -> (artifact id: '1b85f0b3bb5d83eb01073728702afbfb') in 0.081495 seconds 
========================================================================
Received Import Request.
  Time since last request: 15.981362 seconds.
  path: Assets/Free Pixel Art Forest/Layer_0001_8 1.png
  artifactKey: Guid(dbbeb793b70c8db47ab78576dd4c5925) Importer(815301076,1909f56bfc062723c751e8b465ee728b)
Start importing Assets/Free Pixel Art Forest/Layer_0001_8 1.png using Guid(dbbeb793b70c8db47ab78576dd4c5925) Importer(815301076,1909f56bfc062723c751e8b465ee728b)  -> (artifact id: '4ac3357885881e55e8e390f61ec1c166') in 0.094639 seconds 
========================================================================
Received Import Request.
  Time since last request: 10.678154 seconds.
  path: Assets/Free Pixel Art Forest/Layer_0001_8 1.png
  artifactKey: Guid(dbbeb793b70c8db47ab78576dd4c5925) Importer(815301076,1909f56bfc062723c751e8b465ee728b)
Start importing Assets/Free Pixel Art Forest/Layer_0001_8 1.png using Guid(dbbeb793b70c8db47ab78576dd4c5925) Importer(815301076,1909f56bfc062723c751e8b465ee728b)  -> (artifact id: 'ce1750817630464dcb91e51937eb8a85') in 0.092426 seconds 
========================================================================
Received Import Request.
  Time since last request: 104.494037 seconds.
  path: Assets/Free Pixel Art Forest/Layer_0001_8 1.png
  artifactKey: Guid(dbbeb793b70c8db47ab78576dd4c5925) Importer(815301076,1909f56bfc062723c751e8b465ee728b)
Start importing Assets/Free Pixel Art Forest/Layer_0001_8 1.png using Guid(dbbeb793b70c8db47ab78576dd4c5925) Importer(815301076,1909f56bfc062723c751e8b465ee728b)  -> (artifact id: '31008b5c7696e2171282efce54085836') in 0.093626 seconds 
========================================================================
Received Import Request.
  Time since last request: 24.549988 seconds.
  path: Assets/Ground.prefab
  artifactKey: Guid(1b2113d88b4f757409d4faa273c6e70a) Importer(815301076,1909f56bfc062723c751e8b465ee728b)
Start importing Assets/Ground.prefab using Guid(1b2113d88b4f757409d4faa273c6e70a) Importer(815301076,1909f56bfc062723c751e8b465ee728b)  -> (artifact id: '11da8140210715f8b747c93e8adb03c8') in 0.056820 seconds 
========================================================================
Received Import Request.
  Time since last request: 9.321600 seconds.
  path: Assets/Tiles/Layer_0001_8.asset
  artifactKey: Guid(851f57bb5cc9d1646ae7010ed320c685) Importer(815301076,1909f56bfc062723c751e8b465ee728b)
Start importing Assets/Tiles/Layer_0001_8.asset using Guid(851f57bb5cc9d1646ae7010ed320c685) Importer(815301076,1909f56bfc062723c751e8b465ee728b)  -> (artifact id: 'a94d36a63e52535b00e63ff0afd3ab3c') in 0.016022 seconds 
========================================================================
Received Import Request.
  Time since last request: 0.017902 seconds.
  path: Assets/Tiles/Layer_0001_8_2.asset
  artifactKey: Guid(853d2df54e54faf4b9f61d61b2cb435a) Importer(815301076,1909f56bfc062723c751e8b465ee728b)
Start importing Assets/Tiles/Layer_0001_8_2.asset using Guid(853d2df54e54faf4b9f61d61b2cb435a) Importer(815301076,1909f56bfc062723c751e8b465ee728b)  -> (artifact id: '3daae7214b69443c52ece51492d018db') in 0.015608 seconds 
========================================================================
Received Import Request.
  Time since last request: 0.000021 seconds.
  path: Assets/Tiles/Layer_0001_8_13.asset
  artifactKey: Guid(03203d448d72b7d4cbdfa3060446856f) Importer(815301076,1909f56bfc062723c751e8b465ee728b)
Start importing Assets/Tiles/Layer_0001_8_13.asset using Guid(03203d448d72b7d4cbdfa3060446856f) Importer(815301076,1909f56bfc062723c751e8b465ee728b)  -> (artifact id: 'b00946540985ea90d1af8a686850f0a6') in 0.013435 seconds 
========================================================================
Received Import Request.
  Time since last request: 0.000022 seconds.
  path: Assets/Tiles/Layer_0001_8_26.asset
  artifactKey: Guid(e980a6be3dd83b6488513762cb196af2) Importer(815301076,1909f56bfc062723c751e8b465ee728b)
Start importing Assets/Tiles/Layer_0001_8_26.asset using Guid(e980a6be3dd83b6488513762cb196af2) Importer(815301076,1909f56bfc062723c751e8b465ee728b)  -> (artifact id: 'd10de3206a98458836186da624d46ab7') in 0.013742 seconds 
========================================================================
Received Import Request.
  Time since last request: 0.000024 seconds.
  path: Assets/Tiles/Layer_0001_8_15.asset
  artifactKey: Guid(8fb057b111e4a53478b4bc91e9b461a3) Importer(815301076,1909f56bfc062723c751e8b465ee728b)
Start importing Assets/Tiles/Layer_0001_8_15.asset using Guid(8fb057b111e4a53478b4bc91e9b461a3) Importer(815301076,1909f56bfc062723c751e8b465ee728b)  -> (artifact id: 'a37affa4b31ab4aed7e09061a150940c') in 0.012988 seconds 
========================================================================
Received Import Request.
  Time since last request: 0.000028 seconds.
  path: Assets/Tiles/Layer_0001_8_29.asset
  artifactKey: Guid(da7cfe9776a644b4b8a66f0cab1ef0b6) Importer(815301076,1909f56bfc062723c751e8b465ee728b)
Start importing Assets/Tiles/Layer_0001_8_29.asset using Guid(da7cfe9776a644b4b8a66f0cab1ef0b6) Importer(815301076,1909f56bfc062723c751e8b465ee728b)  -> (artifact id: '4df42620583c308bee95b1a81df54a94') in 0.012608 seconds 
========================================================================
Received Import Request.
  Time since last request: 0.000024 seconds.
  path: Assets/Tiles/Layer_0001_8_16.asset
  artifactKey: Guid(cef8aa73ced68fc4d8297814102e50c1) Importer(815301076,1909f56bfc062723c751e8b465ee728b)
Start importing Assets/Tiles/Layer_0001_8_16.asset using Guid(cef8aa73ced68fc4d8297814102e50c1) Importer(815301076,1909f56bfc062723c751e8b465ee728b)  -> (artifact id: 'b8b73515534ff394d6af4305b4b7e0e8') in 0.014460 seconds 
========================================================================
Received Import Request.
  Time since last request: 0.000043 seconds.
  path: Assets/Tiles/Layer_0001_8_21.asset
  artifactKey: Guid(0f92edc27e77e554a85eb04920e6fcc8) Importer(815301076,1909f56bfc062723c751e8b465ee728b)
Start importing Assets/Tiles/Layer_0001_8_21.asset using Guid(0f92edc27e77e554a85eb04920e6fcc8) Importer(815301076,1909f56bfc062723c751e8b465ee728b)  -> (artifact id: '3bf3782f6e904a2f1cb995082174d8b4') in 0.012868 seconds 
========================================================================
Received Import Request.
  Time since last request: 0.000029 seconds.
  path: Assets/Tiles/Layer_0001_8_28.asset
  artifactKey: Guid(2e0593aa995aa3844af5f758743dc1b3) Importer(815301076,1909f56bfc062723c751e8b465ee728b)
Start importing Assets/Tiles/Layer_0001_8_28.asset using Guid(2e0593aa995aa3844af5f758743dc1b3) Importer(815301076,1909f56bfc062723c751e8b465ee728b)  -> (artifact id: '7178500b752b8c98575d0043f705f1a4') in 0.012972 seconds 
========================================================================
Received Import Request.
  Time since last request: 0.000023 seconds.
  path: Assets/Tiles/Layer_0001_8_20.asset
  artifactKey: Guid(0e3a15e28834d564991380dac9a6577e) Importer(815301076,1909f56bfc062723c751e8b465ee728b)
Start importing Assets/Tiles/Layer_0001_8_20.asset using Guid(0e3a15e28834d564991380dac9a6577e) Importer(815301076,1909f56bfc062723c751e8b465ee728b)  -> (artifact id: '8b313a9b3b2bd3baae3c32d8c55396ea') in 0.012987 seconds 
========================================================================
Received Import Request.
  Time since last request: 0.000021 seconds.
  path: Assets/Tiles/Layer_0001_8_30.asset
  artifactKey: Guid(ddd40c500ff458b4185f2951973c3908) Importer(815301076,1909f56bfc062723c751e8b465ee728b)
Start importing Assets/Tiles/Layer_0001_8_30.asset using Guid(ddd40c500ff458b4185f2951973c3908) Importer(815301076,1909f56bfc062723c751e8b465ee728b)  -> (artifact id: '3399e8209236e09be1305ff30e45b374') in 0.013602 seconds 
========================================================================
Received Import Request.
  Time since last request: 0.000038 seconds.
  path: Assets/Tiles/Layer_0001_8_3.asset
  artifactKey: Guid(81ad5498645e1d3478ca62b047a780b0) Importer(815301076,1909f56bfc062723c751e8b465ee728b)
Start importing Assets/Tiles/Layer_0001_8_3.asset using Guid(81ad5498645e1d3478ca62b047a780b0) Importer(815301076,1909f56bfc062723c751e8b465ee728b)  -> (artifact id: '81f9c8eb256e57ebf3173c8f8641b882') in 0.014072 seconds 
========================================================================
Received Import Request.
  Time since last request: 0.000036 seconds.
  path: Assets/Tiles/Layer_0001_8_18.asset
  artifactKey: Guid(4257ef0c1754cb64ab1d4b00489fcb46) Importer(815301076,1909f56bfc062723c751e8b465ee728b)
Start importing Assets/Tiles/Layer_0001_8_18.asset using Guid(4257ef0c1754cb64ab1d4b00489fcb46) Importer(815301076,1909f56bfc062723c751e8b465ee728b)  -> (artifact id: '35468017a1086508bea11270c05f496b') in 0.017895 seconds 
========================================================================
Received Import Request.
  Time since last request: 0.000032 seconds.
  path: Assets/Tiles/Layer_0001_8_24.asset
  artifactKey: Guid(cc51e8da224fa2649b28e04805766b0f) Importer(815301076,1909f56bfc062723c751e8b465ee728b)
Start importing Assets/Tiles/Layer_0001_8_24.asset using Guid(cc51e8da224fa2649b28e04805766b0f) Importer(815301076,1909f56bfc062723c751e8b465ee728b)  -> (artifact id: 'e9ba64fdd456c1c70c4d3c76f2fbf44b') in 0.016422 seconds 
========================================================================
Received Import Request.
  Time since last request: 0.000026 seconds.
  path: Assets/Tiles/Layer_0001_8_25.asset
  artifactKey: Guid(59dedb8997da9a542825784c3dca3443) Importer(815301076,1909f56bfc062723c751e8b465ee728b)
Start importing Assets/Tiles/Layer_0001_8_25.asset using Guid(59dedb8997da9a542825784c3dca3443) Importer(815301076,1909f56bfc062723c751e8b465ee728b)  -> (artifact id: 'c0b86cb5044d404885a886751c43b445') in 0.013680 seconds 
========================================================================
Received Import Request.
  Time since last request: 0.000041 seconds.
  path: Assets/Tiles/Layer_0001_8_17.asset
  artifactKey: Guid(97639ae3a129d9843acb9e2a30f16682) Importer(815301076,1909f56bfc062723c751e8b465ee728b)
Start importing Assets/Tiles/Layer_0001_8_17.asset using Guid(97639ae3a129d9843acb9e2a30f16682) Importer(815301076,1909f56bfc062723c751e8b465ee728b)  -> (artifact id: 'bcc1197854a587e348f3c53e9ff53253') in 0.016586 seconds 
========================================================================
Received Import Request.
  Time since last request: 0.000049 seconds.
  path: Assets/Tiles/Layer_0001_8_31.asset
  artifactKey: Guid(feb8da08b48eeec4b93dbc1b638aa041) Importer(815301076,1909f56bfc062723c751e8b465ee728b)
Start importing Assets/Tiles/Layer_0001_8_31.asset using Guid(feb8da08b48eeec4b93dbc1b638aa041) Importer(815301076,1909f56bfc062723c751e8b465ee728b)  -> (artifact id: '91d4dac89321d117cb56670bd050d65a') in 0.016488 seconds 
Editor requested this worker to shutdown with reason: Scaling down because of idle timeout
AssetImportWorker is now disconnected from the server
Process exiting
Exiting without the bug reporter. Application will terminate with return code 0