Using pre-set license
Built from '2021.3/staging' branch; Version is '2021.3.7f1 (24e8595d6d43) revision 2418777'; Using compiler version '192829333'; Build Type 'Release'
OS: 'Windows 11  (10.0.22000) 64bit Professional' Language: 'ko' Physical Memory: 14020 MB
BatchMode: 1, IsHumanControllingUs: 0, StartBugReporterOnCrash: 0, Is64bit: 1, IsPro: 1

COMMAND LINE ARGUMENTS:
C:\Program Files\Unity\Hub\Editor\2021.3.7f1\Editor\Unity.exe
-adb2
-batchMode
-noUpm
-name
AssetImportWorker2
-projectPath
C:/Users/6800U/Desktop/Unity/TopDown2DGame/Moonless
-logFile
Logs/AssetImportWorker2.log
-srvPort
51117
Successfully changed project path to: C:/Users/6800U/Desktop/Unity/TopDown2DGame/Moonless
C:/Users/6800U/Desktop/Unity/TopDown2DGame/Moonless
[UnityMemory] Configuration Parameters - Can be set up in boot.config
    "memorysetup-bucket-allocator-granularity=16"
    "memorysetup-bucket-allocator-bucket-count=8"
    "memorysetup-bucket-allocator-block-size=33554432"
    "memorysetup-bucket-allocator-block-count=8"
    "memorysetup-main-allocator-block-size=16777216"
    "memorysetup-thread-allocator-block-size=16777216"
    "memorysetup-gfx-main-allocator-block-size=16777216"
    "memorysetup-gfx-thread-allocator-block-size=16777216"
    "memorysetup-cache-allocator-block-size=4194304"
    "memorysetup-typetree-allocator-block-size=2097152"
    "memorysetup-profiler-bucket-allocator-granularity=16"
    "memorysetup-profiler-bucket-allocator-bucket-count=8"
    "memorysetup-profiler-bucket-allocator-block-size=33554432"
    "memorysetup-profiler-bucket-allocator-block-count=8"
    "memorysetup-profiler-allocator-block-size=16777216"
    "memorysetup-profiler-editor-allocator-block-size=1048576"
    "memorysetup-temp-allocator-size-main=16777216"
    "memorysetup-job-temp-allocator-block-size=2097152"
    "memorysetup-job-temp-allocator-block-size-background=1048576"
    "memorysetup-job-temp-allocator-reduction-small-platforms=262144"
    "memorysetup-temp-allocator-size-background-worker=32768"
    "memorysetup-temp-allocator-size-job-worker=262144"
    "memorysetup-temp-allocator-size-preload-manager=33554432"
    "memorysetup-temp-allocator-size-nav-mesh-worker=65536"
    "memorysetup-temp-allocator-size-audio-worker=65536"
    "memorysetup-temp-allocator-size-cloud-worker=32768"
    "memorysetup-temp-allocator-size-gi-baking-worker=262144"
    "memorysetup-temp-allocator-size-gfx=262144"
Refreshing native plugins compatible for Editor in 89.91 ms, found 4 plugins.
Preloading 0 native plugins for Editor in 0.00 ms.
Initialize engine version: 2021.3.7f1 (24e8595d6d43)
[Subsystems] Discovering subsystems at path C:/Program Files/Unity/Hub/Editor/2021.3.7f1/Editor/Data/Resources/UnitySubsystems
[Subsystems] Discovering subsystems at path C:/Users/6800U/Desktop/Unity/TopDown2DGame/Moonless/Assets
GfxDevice: creating device client; threaded=0; jobified=0
Direct3D:
    Version:  Direct3D 11.0 [level 11.1]
    Renderer: AMD Radeon(TM) Graphics (ID=0x1681)
    Vendor:   ATI
    VRAM:     7010 MB
    Driver:   30.0.14044.3001
Initialize mono
Mono path[0] = 'C:/Program Files/Unity/Hub/Editor/2021.3.7f1/Editor/Data/Managed'
Mono path[1] = 'C:/Program Files/Unity/Hub/Editor/2021.3.7f1/Editor/Data/MonoBleedingEdge/lib/mono/unityjit-win32'
Mono config path = 'C:/Program Files/Unity/Hub/Editor/2021.3.7f1/Editor/Data/MonoBleedingEdge/etc'
Using monoOptions --debugger-agent=transport=dt_socket,embedding=1,server=y,suspend=n,address=127.0.0.1:56388
Begin MonoManager ReloadAssembly
Registering precompiled unity dll's ...
Register platform support module: C:/Program Files/Unity/Hub/Editor/2021.3.7f1/Editor/Data/PlaybackEngines/WebGLSupport/UnityEditor.WebGL.Extensions.dll
Register platform support module: C:/Program Files/Unity/Hub/Editor/2021.3.7f1/Editor/Data/PlaybackEngines/AndroidPlayer/UnityEditor.Android.Extensions.dll
Register platform support module: C:/Program Files/Unity/Hub/Editor/2021.3.7f1/Editor/Data/PlaybackEngines/WindowsStandaloneSupport/UnityEditor.WindowsStandalone.Extensions.dll
Registered in 0.005636 seconds.
Native extension for WindowsStandalone target not found
Native extension for Android target not found
Native extension for WebGL target not found
Refreshing native plugins compatible for Editor in 83.51 ms, found 4 plugins.
Preloading 0 native plugins for Editor in 0.00 ms.
Mono: successfully reloaded assembly
- Completed reload, in  0.653 seconds
Domain Reload Profiling:
	ReloadAssembly (653ms)
		BeginReloadAssembly (66ms)
			ExecutionOrderSort (0ms)
			DisableScriptedObjects (0ms)
			BackupInstance (0ms)
			ReleaseScriptingObjects (0ms)
			CreateAndSetChildDomain (1ms)
		EndReloadAssembly (479ms)
			LoadAssemblies (64ms)
			RebuildTransferFunctionScriptingTraits (0ms)
			SetupTypeCache (124ms)
			ReleaseScriptCaches (0ms)
			RebuildScriptCaches (29ms)
			SetupLoadedEditorAssemblies (275ms)
				LogAssemblyErrors (0ms)
				InitializePlatformSupportModulesInManaged (55ms)
				SetLoadedEditorAssemblies (1ms)
				RefreshPlugins (84ms)
				BeforeProcessingInitializeOnLoad (1ms)
				ProcessInitializeOnLoadAttributes (89ms)
				ProcessInitializeOnLoadMethodAttributes (45ms)
				AfterProcessingInitializeOnLoad (0ms)
				EditorAssembliesLoaded (0ms)
			ExecutionOrderSort2 (0ms)
			AwakeInstancesAfterBackupRestoration (0ms)
Platform modules already initialized, skipping
Registering precompiled user dll's ...
Registered in 0.007026 seconds.
Begin MonoManager ReloadAssembly
Symbol file LoadedFromMemory doesn't match image C:\Users\6800U\Desktop\Unity\TopDown2DGame\Moonless\Library\PackageCache\com.unity.visualscripting@1.7.8\Editor\VisualScripting.Core\Dependencies\YamlDotNet\Unity.VisualScripting.YamlDotNet.dll
Symbol file LoadedFromMemory doesn't match image C:\Users\6800U\Desktop\Unity\TopDown2DGame\Moonless\Library\PackageCache\com.unity.visualscripting@1.7.8\Editor\VisualScripting.Core\Dependencies\DotNetZip\Unity.VisualScripting.IonicZip.dll
Native extension for WindowsStandalone target not found
Native extension for Android target not found
Native extension for WebGL target not found
Refreshing native plugins compatible for Editor in 81.91 ms, found 4 plugins.
Preloading 0 native plugins for Editor in 0.00 ms.
Mono: successfully reloaded assembly
- Completed reload, in  1.187 seconds
Domain Reload Profiling:
	ReloadAssembly (1187ms)
		BeginReloadAssembly (234ms)
			ExecutionOrderSort (0ms)
			DisableScriptedObjects (5ms)
			BackupInstance (0ms)
			ReleaseScriptingObjects (0ms)
			CreateAndSetChildDomain (138ms)
		EndReloadAssembly (835ms)
			LoadAssemblies (99ms)
			RebuildTransferFunctionScriptingTraits (0ms)
			SetupTypeCache (239ms)
			ReleaseScriptCaches (1ms)
			RebuildScriptCaches (59ms)
			SetupLoadedEditorAssemblies (406ms)
				LogAssemblyErrors (0ms)
				InitializePlatformSupportModulesInManaged (13ms)
				SetLoadedEditorAssemblies (0ms)
				RefreshPlugins (82ms)
				BeforeProcessingInitializeOnLoad (92ms)
				ProcessInitializeOnLoadAttributes (179ms)
				ProcessInitializeOnLoadMethodAttributes (35ms)
				AfterProcessingInitializeOnLoad (5ms)
				EditorAssembliesLoaded (0ms)
			ExecutionOrderSort2 (0ms)
			AwakeInstancesAfterBackupRestoration (4ms)
Platform modules already initialized, skipping
========================================================================
Worker process is ready to serve import requests
Launched and connected shader compiler UnityShaderCompiler.exe after 0.06 seconds
Refreshing native plugins compatible for Editor in 0.90 ms, found 4 plugins.
Preloading 0 native plugins for Editor in 0.00 ms.
Unloading 4073 Unused Serialized files (Serialized files now loaded: 0)
Unloading 44 unused Assets / (222.3 KB). Loaded Objects now: 4526.
Memory consumption went from 156.1 MB to 155.9 MB.
Total: 3.641800 ms (FindLiveObjects: 0.395000 ms CreateObjectMapping: 0.173800 ms MarkObjects: 2.900500 ms  DeleteObjects: 0.171700 ms)

AssetImportParameters requested are different than current active one (requested -> active):
  custom:video-decoder-ogg-theora: a1e56fd34408186e4bbccfd4996cb3dc -> 
  custom:container-muxer-webm: aa71ff27fc2769a1b78a27578f13a17b -> 
  custom:container-demuxer-webm: 4f35f7cbe854078d1ac9338744f61a02 -> 
  custom:video-encoder-webm-vp8: eb34c28f22e8b96e1ab97ce403110664 -> 
  custom:audio-encoder-webm-vorbis: bf7c407c2cedff20999df2af8eb42d56 -> 
  custom:framework-win-MediaFoundation: 216162199b28c13a410421893ffa2e32 -> 
  custom:container-demuxer-ogg: 62fdf1f143b41e24485cea50d1cbac27 -> 
  custom:video-decoder-webm-vp8: 9c59270c3fd7afecdb556c50c9e8de78 -> 
  custom:audio-decoder-ogg-vorbis: bf7c407c2cedff20999df2af8eb42d56 -> 
========================================================================
Received Import Request.
  Time since last request: 217884.164014 seconds.
  path: Assets/Free Pixel Art Forest/Layer_0001_8 1.png
  artifactKey: Guid(dbbeb793b70c8db47ab78576dd4c5925) Importer(815301076,1909f56bfc062723c751e8b465ee728b)
Start importing Assets/Free Pixel Art Forest/Layer_0001_8 1.png using Guid(dbbeb793b70c8db47ab78576dd4c5925) Importer(815301076,1909f56bfc062723c751e8b465ee728b)  -> (artifact id: '85ac9573b76e6418c49d478c38dd7edc') in 0.166438 seconds 
========================================================================
Received Import Request.
  Time since last request: 63.378041 seconds.
  path: Assets/Free Pixel Art Forest/Layer_0001_8 1.png
  artifactKey: Guid(dbbeb793b70c8db47ab78576dd4c5925) Importer(815301076,1909f56bfc062723c751e8b465ee728b)
Start importing Assets/Free Pixel Art Forest/Layer_0001_8 1.png using Guid(dbbeb793b70c8db47ab78576dd4c5925) Importer(815301076,1909f56bfc062723c751e8b465ee728b)  -> (artifact id: '398bd72fc34f2dbc013f9a57713971be') in 0.084882 seconds 
========================================================================
Received Import Request.
  Time since last request: 9.973908 seconds.
  path: Assets/Free Pixel Art Forest/Layer_0001_8 1.png
  artifactKey: Guid(dbbeb793b70c8db47ab78576dd4c5925) Importer(815301076,1909f56bfc062723c751e8b465ee728b)
Start importing Assets/Free Pixel Art Forest/Layer_0001_8 1.png using Guid(dbbeb793b70c8db47ab78576dd4c5925) Importer(815301076,1909f56bfc062723c751e8b465ee728b)  -> (artifact id: '0cc43fca9d38ce45224e599910e1f9e9') in 0.091357 seconds 
========================================================================
Received Import Request.
  Time since last request: 3.870934 seconds.
  path: Assets/Free Pixel Art Forest/Layer_0001_8 1.png
  artifactKey: Guid(dbbeb793b70c8db47ab78576dd4c5925) Importer(815301076,1909f56bfc062723c751e8b465ee728b)
Start importing Assets/Free Pixel Art Forest/Layer_0001_8 1.png using Guid(dbbeb793b70c8db47ab78576dd4c5925) Importer(815301076,1909f56bfc062723c751e8b465ee728b)  -> (artifact id: '4ae50eb2288df31f09013490de3916a1') in 0.097361 seconds 
========================================================================
Received Import Request.
  Time since last request: 13.385772 seconds.
  path: Assets/Free Pixel Art Forest/Layer_0001_8 1.png
  artifactKey: Guid(dbbeb793b70c8db47ab78576dd4c5925) Importer(815301076,1909f56bfc062723c751e8b465ee728b)
Start importing Assets/Free Pixel Art Forest/Layer_0001_8 1.png using Guid(dbbeb793b70c8db47ab78576dd4c5925) Importer(815301076,1909f56bfc062723c751e8b465ee728b)  -> (artifact id: 'a952e001254e5f7b82546ee65a9e4da5') in 0.096637 seconds 
========================================================================
Received Import Request.
  Time since last request: 6.051817 seconds.
  path: Assets/Free Pixel Art Forest/Layer_0001_8 1.png
  artifactKey: Guid(dbbeb793b70c8db47ab78576dd4c5925) Importer(815301076,1909f56bfc062723c751e8b465ee728b)
Start importing Assets/Free Pixel Art Forest/Layer_0001_8 1.png using Guid(dbbeb793b70c8db47ab78576dd4c5925) Importer(815301076,1909f56bfc062723c751e8b465ee728b)  -> (artifact id: 'ee99bfa3b81cb1ff2f2b24056812a365') in 0.093427 seconds 
========================================================================
Received Import Request.
  Time since last request: 221.306207 seconds.
  path: Assets/Ground.prefab
  artifactKey: Guid(1b2113d88b4f757409d4faa273c6e70a) Importer(815301076,1909f56bfc062723c751e8b465ee728b)
Start importing Assets/Ground.prefab using Guid(1b2113d88b4f757409d4faa273c6e70a) Importer(815301076,1909f56bfc062723c751e8b465ee728b)  -> (artifact id: '7beea7794418ba2fa12cfb3f1878f085') in 0.048082 seconds 
========================================================================
Received Import Request.
  Time since last request: 6.324078 seconds.
  path: Assets/Tiles/Layer_0001_8_0.asset
  artifactKey: Guid(674753a0d9826f34e8c0cc0afd429fc4) Importer(815301076,1909f56bfc062723c751e8b465ee728b)
Start importing Assets/Tiles/Layer_0001_8_0.asset using Guid(674753a0d9826f34e8c0cc0afd429fc4) Importer(815301076,1909f56bfc062723c751e8b465ee728b)  -> (artifact id: 'c8d731d2fa29782d5e8c03001d48f5ff') in 0.011114 seconds 
========================================================================
Received Import Request.
  Time since last request: 0.023604 seconds.
  path: Assets/Tiles/Layer_0001_8_2.asset
  artifactKey: Guid(853d2df54e54faf4b9f61d61b2cb435a) Importer(815301076,1909f56bfc062723c751e8b465ee728b)
Start importing Assets/Tiles/Layer_0001_8_2.asset using Guid(853d2df54e54faf4b9f61d61b2cb435a) Importer(815301076,1909f56bfc062723c751e8b465ee728b)  -> (artifact id: '464286f4da29ebedbf5d5db9b4c7e662') in 0.009759 seconds 
========================================================================
Received Import Request.
  Time since last request: 0.000026 seconds.
  path: Assets/Tiles/Layer_0001_8_13.asset
  artifactKey: Guid(03203d448d72b7d4cbdfa3060446856f) Importer(815301076,1909f56bfc062723c751e8b465ee728b)
Start importing Assets/Tiles/Layer_0001_8_13.asset using Guid(03203d448d72b7d4cbdfa3060446856f) Importer(815301076,1909f56bfc062723c751e8b465ee728b)  -> (artifact id: '309748856e464f60ec4ae09e000d23b4') in 0.004761 seconds 
========================================================================
Received Import Request.
  Time since last request: 0.000036 seconds.
  path: Assets/Tiles/Layer_0001_8_27.asset
  artifactKey: Guid(4192fd04f97cf6c44887309187807767) Importer(815301076,1909f56bfc062723c751e8b465ee728b)
Start importing Assets/Tiles/Layer_0001_8_27.asset using Guid(4192fd04f97cf6c44887309187807767) Importer(815301076,1909f56bfc062723c751e8b465ee728b)  -> (artifact id: 'd35cc98075030ce705b76d686764f225') in 0.005045 seconds 
========================================================================
Received Import Request.
  Time since last request: 0.000020 seconds.
  path: Assets/Tiles/Layer_0001_8_15.asset
  artifactKey: Guid(8fb057b111e4a53478b4bc91e9b461a3) Importer(815301076,1909f56bfc062723c751e8b465ee728b)
Start importing Assets/Tiles/Layer_0001_8_15.asset using Guid(8fb057b111e4a53478b4bc91e9b461a3) Importer(815301076,1909f56bfc062723c751e8b465ee728b)  -> (artifact id: 'e26e19ea48f4878592c6cde42d50bbd4') in 0.005442 seconds 
========================================================================
Received Import Request.
  Time since last request: 0.000065 seconds.
  path: Assets/Tiles/Layer_0001_8_29.asset
  artifactKey: Guid(da7cfe9776a644b4b8a66f0cab1ef0b6) Importer(815301076,1909f56bfc062723c751e8b465ee728b)
Start importing Assets/Tiles/Layer_0001_8_29.asset using Guid(da7cfe9776a644b4b8a66f0cab1ef0b6) Importer(815301076,1909f56bfc062723c751e8b465ee728b)  -> (artifact id: '2699e1f9ee97a02998405c255b80fbd8') in 0.009515 seconds 
========================================================================
Received Import Request.
  Time since last request: 0.000029 seconds.
  path: Assets/Tiles/Layer_0001_8_10.asset
  artifactKey: Guid(4e11222b219b86245ba3780c07949ae8) Importer(815301076,1909f56bfc062723c751e8b465ee728b)
Start importing Assets/Tiles/Layer_0001_8_10.asset using Guid(4e11222b219b86245ba3780c07949ae8) Importer(815301076,1909f56bfc062723c751e8b465ee728b)  -> (artifact id: 'b7ba3fedd524eb892843e8ab37f290d5') in 0.006142 seconds 
========================================================================
Received Import Request.
  Time since last request: 0.000031 seconds.
  path: Assets/Tiles/Layer_0001_8_14.asset
  artifactKey: Guid(530645ce6163ab845a1ceec14bf2b71c) Importer(815301076,1909f56bfc062723c751e8b465ee728b)
Start importing Assets/Tiles/Layer_0001_8_14.asset using Guid(530645ce6163ab845a1ceec14bf2b71c) Importer(815301076,1909f56bfc062723c751e8b465ee728b)  -> (artifact id: 'ddeb89552d81ac5a698ec50ccac6f2d0') in 0.004596 seconds 
========================================================================
Received Import Request.
  Time since last request: 0.000020 seconds.
  path: Assets/Tiles/Layer_0001_8_8.asset
  artifactKey: Guid(91d565d153e6a2a4795640ef314ce792) Importer(815301076,1909f56bfc062723c751e8b465ee728b)
Start importing Assets/Tiles/Layer_0001_8_8.asset using Guid(91d565d153e6a2a4795640ef314ce792) Importer(815301076,1909f56bfc062723c751e8b465ee728b)  -> (artifact id: 'bd8b0c389e23bf6dbb664af35080cedc') in 0.009897 seconds 
========================================================================
Received Import Request.
  Time since last request: 0.000029 seconds.
  path: Assets/Tiles/Layer_0001_8_20.asset
  artifactKey: Guid(0e3a15e28834d564991380dac9a6577e) Importer(815301076,1909f56bfc062723c751e8b465ee728b)
Start importing Assets/Tiles/Layer_0001_8_20.asset using Guid(0e3a15e28834d564991380dac9a6577e) Importer(815301076,1909f56bfc062723c751e8b465ee728b)  -> (artifact id: '1350dc016f1f8d529f5e4460df3eac25') in 0.005010 seconds 
========================================================================
Received Import Request.
  Time since last request: 0.000021 seconds.
  path: Assets/Tiles/Layer_0001_8_23.asset
  artifactKey: Guid(7622b88f2ea9f3d4dbc996639d3b3550) Importer(815301076,1909f56bfc062723c751e8b465ee728b)
Start importing Assets/Tiles/Layer_0001_8_23.asset using Guid(7622b88f2ea9f3d4dbc996639d3b3550) Importer(815301076,1909f56bfc062723c751e8b465ee728b)  -> (artifact id: 'fe7c80b07780d9fd0df6db9bbc631595') in 0.005949 seconds 
========================================================================
Received Import Request.
  Time since last request: 0.000027 seconds.
  path: Assets/Tiles/Layer_0001_8_6.asset
  artifactKey: Guid(78b4222b51d2c7c4a87c578e8c292be4) Importer(815301076,1909f56bfc062723c751e8b465ee728b)
Start importing Assets/Tiles/Layer_0001_8_6.asset using Guid(78b4222b51d2c7c4a87c578e8c292be4) Importer(815301076,1909f56bfc062723c751e8b465ee728b)  -> (artifact id: '5086e638513cc5b3c1197d67d9f9b989') in 0.009542 seconds 
========================================================================
Received Import Request.
  Time since last request: 0.000031 seconds.
  path: Assets/Tiles/Layer_0001_8_19.asset
  artifactKey: Guid(7c887f769cd89cb41841a35df6ce709b) Importer(815301076,1909f56bfc062723c751e8b465ee728b)
Start importing Assets/Tiles/Layer_0001_8_19.asset using Guid(7c887f769cd89cb41841a35df6ce709b) Importer(815301076,1909f56bfc062723c751e8b465ee728b)  -> (artifact id: '6ef4b5251fbb862f89932a55b3d70a83') in 0.004860 seconds 
========================================================================
Received Import Request.
  Time since last request: 0.000027 seconds.
  path: Assets/Tiles/Layer_0001_8_25.asset
  artifactKey: Guid(59dedb8997da9a542825784c3dca3443) Importer(815301076,1909f56bfc062723c751e8b465ee728b)
Start importing Assets/Tiles/Layer_0001_8_25.asset using Guid(59dedb8997da9a542825784c3dca3443) Importer(815301076,1909f56bfc062723c751e8b465ee728b)  -> (artifact id: '0b9e72e1caa594120cf8e35d4bacb0f5') in 0.004525 seconds 
========================================================================
Received Import Request.
  Time since last request: 0.000024 seconds.
  path: Assets/Tiles/Layer_0001_8_17.asset
  artifactKey: Guid(97639ae3a129d9843acb9e2a30f16682) Importer(815301076,1909f56bfc062723c751e8b465ee728b)
Start importing Assets/Tiles/Layer_0001_8_17.asset using Guid(97639ae3a129d9843acb9e2a30f16682) Importer(815301076,1909f56bfc062723c751e8b465ee728b)  -> (artifact id: '3befdea528518aa5a7b254896bf2ef45') in 0.012089 seconds 
========================================================================
Received Import Request.
  Time since last request: 0.000025 seconds.
  path: Assets/Tiles/Layer_0001_8_31.asset
  artifactKey: Guid(feb8da08b48eeec4b93dbc1b638aa041) Importer(815301076,1909f56bfc062723c751e8b465ee728b)
Start importing Assets/Tiles/Layer_0001_8_31.asset using Guid(feb8da08b48eeec4b93dbc1b638aa041) Importer(815301076,1909f56bfc062723c751e8b465ee728b)  -> (artifact id: '5690bdd98600ba0c738b89bf879d4cd8') in 0.008636 seconds 
Editor requested this worker to shutdown with reason: Scaling down because of idle timeout
AssetImportWorker is now disconnected from the server
Process exiting
Exiting without the bug reporter. Application will terminate with return code 0