Using pre-set license
Built from '2021.3/staging' branch; Version is '2021.3.7f1 (24e8595d6d43) revision 2418777'; Using compiler version '192829333'; Build Type 'Release'
OS: 'Windows 11  (10.0.22000) 64bit Professional' Language: 'ko' Physical Memory: 14020 MB
BatchMode: 1, IsHumanControllingUs: 0, StartBugReporterOnCrash: 0, Is64bit: 1, IsPro: 1

COMMAND LINE ARGUMENTS:
C:\Program Files\Unity\Hub\Editor\2021.3.7f1\Editor\Unity.exe
-adb2
-batchMode
-noUpm
-name
AssetImportWorker4
-projectPath
C:/Users/6800U/Desktop/Unity/TopDown2DGame/Moonless
-logFile
Logs/AssetImportWorker4.log
-srvPort
51117
Successfully changed project path to: C:/Users/6800U/Desktop/Unity/TopDown2DGame/Moonless
C:/Users/6800U/Desktop/Unity/TopDown2DGame/Moonless
[UnityMemory] Configuration Parameters - Can be set up in boot.config
    "memorysetup-bucket-allocator-granularity=16"
    "memorysetup-bucket-allocator-bucket-count=8"
    "memorysetup-bucket-allocator-block-size=33554432"
    "memorysetup-bucket-allocator-block-count=8"
    "memorysetup-main-allocator-block-size=16777216"
    "memorysetup-thread-allocator-block-size=16777216"
    "memorysetup-gfx-main-allocator-block-size=16777216"
    "memorysetup-gfx-thread-allocator-block-size=16777216"
    "memorysetup-cache-allocator-block-size=4194304"
    "memorysetup-typetree-allocator-block-size=2097152"
    "memorysetup-profiler-bucket-allocator-granularity=16"
    "memorysetup-profiler-bucket-allocator-bucket-count=8"
    "memorysetup-profiler-bucket-allocator-block-size=33554432"
    "memorysetup-profiler-bucket-allocator-block-count=8"
    "memorysetup-profiler-allocator-block-size=16777216"
    "memorysetup-profiler-editor-allocator-block-size=1048576"
    "memorysetup-temp-allocator-size-main=16777216"
    "memorysetup-job-temp-allocator-block-size=2097152"
    "memorysetup-job-temp-allocator-block-size-background=1048576"
    "memorysetup-job-temp-allocator-reduction-small-platforms=262144"
    "memorysetup-temp-allocator-size-background-worker=32768"
    "memorysetup-temp-allocator-size-job-worker=262144"
    "memorysetup-temp-allocator-size-preload-manager=33554432"
    "memorysetup-temp-allocator-size-nav-mesh-worker=65536"
    "memorysetup-temp-allocator-size-audio-worker=65536"
    "memorysetup-temp-allocator-size-cloud-worker=32768"
    "memorysetup-temp-allocator-size-gi-baking-worker=262144"
    "memorysetup-temp-allocator-size-gfx=262144"
Refreshing native plugins compatible for Editor in 87.95 ms, found 4 plugins.
Preloading 0 native plugins for Editor in 0.00 ms.
Initialize engine version: 2021.3.7f1 (24e8595d6d43)
[Subsystems] Discovering subsystems at path C:/Program Files/Unity/Hub/Editor/2021.3.7f1/Editor/Data/Resources/UnitySubsystems
[Subsystems] Discovering subsystems at path C:/Users/6800U/Desktop/Unity/TopDown2DGame/Moonless/Assets
GfxDevice: creating device client; threaded=0; jobified=0
Direct3D:
    Version:  Direct3D 11.0 [level 11.1]
    Renderer: AMD Radeon(TM) Graphics (ID=0x1681)
    Vendor:   ATI
    VRAM:     7010 MB
    Driver:   30.0.14044.3001
Initialize mono
Mono path[0] = 'C:/Program Files/Unity/Hub/Editor/2021.3.7f1/Editor/Data/Managed'
Mono path[1] = 'C:/Program Files/Unity/Hub/Editor/2021.3.7f1/Editor/Data/MonoBleedingEdge/lib/mono/unityjit-win32'
Mono config path = 'C:/Program Files/Unity/Hub/Editor/2021.3.7f1/Editor/Data/MonoBleedingEdge/etc'
Using monoOptions --debugger-agent=transport=dt_socket,embedding=1,server=y,suspend=n,address=127.0.0.1:56940
Begin MonoManager ReloadAssembly
Registering precompiled unity dll's ...
Register platform support module: C:/Program Files/Unity/Hub/Editor/2021.3.7f1/Editor/Data/PlaybackEngines/WebGLSupport/UnityEditor.WebGL.Extensions.dll
Register platform support module: C:/Program Files/Unity/Hub/Editor/2021.3.7f1/Editor/Data/PlaybackEngines/AndroidPlayer/UnityEditor.Android.Extensions.dll
Register platform support module: C:/Program Files/Unity/Hub/Editor/2021.3.7f1/Editor/Data/PlaybackEngines/WindowsStandaloneSupport/UnityEditor.WindowsStandalone.Extensions.dll
Registered in 0.006412 seconds.
Native extension for WindowsStandalone target not found
Native extension for Android target not found
Native extension for WebGL target not found
Refreshing native plugins compatible for Editor in 105.05 ms, found 4 plugins.
Preloading 0 native plugins for Editor in 0.00 ms.
Mono: successfully reloaded assembly
- Completed reload, in  0.638 seconds
Domain Reload Profiling:
	ReloadAssembly (639ms)
		BeginReloadAssembly (72ms)
			ExecutionOrderSort (0ms)
			DisableScriptedObjects (0ms)
			BackupInstance (0ms)
			ReleaseScriptingObjects (0ms)
			CreateAndSetChildDomain (1ms)
		EndReloadAssembly (469ms)
			LoadAssemblies (70ms)
			RebuildTransferFunctionScriptingTraits (0ms)
			SetupTypeCache (102ms)
			ReleaseScriptCaches (0ms)
			RebuildScriptCaches (28ms)
			SetupLoadedEditorAssemblies (293ms)
				LogAssemblyErrors (0ms)
				InitializePlatformSupportModulesInManaged (54ms)
				SetLoadedEditorAssemblies (0ms)
				RefreshPlugins (105ms)
				BeforeProcessingInitializeOnLoad (3ms)
				ProcessInitializeOnLoadAttributes (90ms)
				ProcessInitializeOnLoadMethodAttributes (40ms)
				AfterProcessingInitializeOnLoad (0ms)
				EditorAssembliesLoaded (0ms)
			ExecutionOrderSort2 (0ms)
			AwakeInstancesAfterBackupRestoration (0ms)
Platform modules already initialized, skipping
Registering precompiled user dll's ...
Registered in 0.006672 seconds.
Begin MonoManager ReloadAssembly
Symbol file LoadedFromMemory doesn't match image C:\Users\6800U\Desktop\Unity\TopDown2DGame\Moonless\Library\PackageCache\com.unity.visualscripting@1.7.8\Editor\VisualScripting.Core\Dependencies\YamlDotNet\Unity.VisualScripting.YamlDotNet.dll
Symbol file LoadedFromMemory doesn't match image C:\Users\6800U\Desktop\Unity\TopDown2DGame\Moonless\Library\PackageCache\com.unity.visualscripting@1.7.8\Editor\VisualScripting.Core\Dependencies\DotNetZip\Unity.VisualScripting.IonicZip.dll
Native extension for WindowsStandalone target not found
Native extension for Android target not found
Native extension for WebGL target not found
Refreshing native plugins compatible for Editor in 72.88 ms, found 4 plugins.
Preloading 0 native plugins for Editor in 0.00 ms.
Mono: successfully reloaded assembly
- Completed reload, in  1.032 seconds
Domain Reload Profiling:
	ReloadAssembly (1033ms)
		BeginReloadAssembly (195ms)
			ExecutionOrderSort (0ms)
			DisableScriptedObjects (5ms)
			BackupInstance (0ms)
			ReleaseScriptingObjects (0ms)
			CreateAndSetChildDomain (124ms)
		EndReloadAssembly (741ms)
			LoadAssemblies (70ms)
			RebuildTransferFunctionScriptingTraits (0ms)
			SetupTypeCache (191ms)
			ReleaseScriptCaches (1ms)
			RebuildScriptCaches (47ms)
			SetupLoadedEditorAssemblies (393ms)
				LogAssemblyErrors (0ms)
				InitializePlatformSupportModulesInManaged (11ms)
				SetLoadedEditorAssemblies (0ms)
				RefreshPlugins (73ms)
				BeforeProcessingInitializeOnLoad (77ms)
				ProcessInitializeOnLoadAttributes (189ms)
				ProcessInitializeOnLoadMethodAttributes (38ms)
				AfterProcessingInitializeOnLoad (5ms)
				EditorAssembliesLoaded (0ms)
			ExecutionOrderSort2 (0ms)
			AwakeInstancesAfterBackupRestoration (4ms)
Platform modules already initialized, skipping
========================================================================
Worker process is ready to serve import requests
Launched and connected shader compiler UnityShaderCompiler.exe after 0.04 seconds
Refreshing native plugins compatible for Editor in 0.97 ms, found 4 plugins.
Preloading 0 native plugins for Editor in 0.00 ms.
Unloading 4073 Unused Serialized files (Serialized files now loaded: 0)
Unloading 44 unused Assets / (222.3 KB). Loaded Objects now: 4526.
Memory consumption went from 156.1 MB to 155.9 MB.
Total: 3.743600 ms (FindLiveObjects: 0.430900 ms CreateObjectMapping: 0.132300 ms MarkObjects: 2.984600 ms  DeleteObjects: 0.194700 ms)

AssetImportParameters requested are different than current active one (requested -> active):
  custom:video-decoder-ogg-theora: a1e56fd34408186e4bbccfd4996cb3dc -> 
  custom:container-muxer-webm: aa71ff27fc2769a1b78a27578f13a17b -> 
  custom:container-demuxer-webm: 4f35f7cbe854078d1ac9338744f61a02 -> 
  custom:video-encoder-webm-vp8: eb34c28f22e8b96e1ab97ce403110664 -> 
  custom:audio-encoder-webm-vorbis: bf7c407c2cedff20999df2af8eb42d56 -> 
  custom:framework-win-MediaFoundation: 216162199b28c13a410421893ffa2e32 -> 
  custom:container-demuxer-ogg: 62fdf1f143b41e24485cea50d1cbac27 -> 
  custom:video-decoder-webm-vp8: 9c59270c3fd7afecdb556c50c9e8de78 -> 
  custom:audio-decoder-ogg-vorbis: bf7c407c2cedff20999df2af8eb42d56 -> 
========================================================================
Received Import Request.
  Time since last request: 218247.535400 seconds.
  path: Assets/Ground.prefab
  artifactKey: Guid(1b2113d88b4f757409d4faa273c6e70a) Importer(815301076,1909f56bfc062723c751e8b465ee728b)
Start importing Assets/Ground.prefab using Guid(1b2113d88b4f757409d4faa273c6e70a) Importer(815301076,1909f56bfc062723c751e8b465ee728b)  -> (artifact id: 'da7b42c511712fd2d73b094bf6a48faa') in 0.115334 seconds 
========================================================================
Received Import Request.
  Time since last request: 11.200218 seconds.
  path: Assets/Ground.prefab
  artifactKey: Guid(1b2113d88b4f757409d4faa273c6e70a) Importer(815301076,1909f56bfc062723c751e8b465ee728b)
Start importing Assets/Ground.prefab using Guid(1b2113d88b4f757409d4faa273c6e70a) Importer(815301076,1909f56bfc062723c751e8b465ee728b)  -> (artifact id: '215f52e8805e349dfab97a1037739346') in 0.014931 seconds 
========================================================================
Received Import Request.
  Time since last request: 6.584805 seconds.
  path: Assets/Free Pixel Art Forest/Layer_0001_8 1.png
  artifactKey: Guid(7a76d3608e499444bbc38cbd286ac503) Importer(815301076,1909f56bfc062723c751e8b465ee728b)
Start importing Assets/Free Pixel Art Forest/Layer_0001_8 1.png using Guid(7a76d3608e499444bbc38cbd286ac503) Importer(815301076,1909f56bfc062723c751e8b465ee728b)  -> (artifact id: 'e53df17f6ade4cf6b96a22158e933196') in 0.065773 seconds 
========================================================================
Received Import Request.
  Time since last request: 15.400335 seconds.
  path: Assets/Free Pixel Art Forest/Layer_0001_8.png
  artifactKey: Guid(1fc22b1cb3169134b9a8b607091e8944) Importer(815301076,1909f56bfc062723c751e8b465ee728b)
Start importing Assets/Free Pixel Art Forest/Layer_0001_8.png using Guid(1fc22b1cb3169134b9a8b607091e8944) Importer(815301076,1909f56bfc062723c751e8b465ee728b)  -> (artifact id: '24335d69a0075b727b577a1186bf3c8d') in 0.092667 seconds 
========================================================================
Received Import Request.
  Time since last request: 20.492376 seconds.
  path: Assets/Free Pixel Art Forest/Layer_0001_8 1.png
  artifactKey: Guid(7a76d3608e499444bbc38cbd286ac503) Importer(815301076,1909f56bfc062723c751e8b465ee728b)
Start importing Assets/Free Pixel Art Forest/Layer_0001_8 1.png using Guid(7a76d3608e499444bbc38cbd286ac503) Importer(815301076,1909f56bfc062723c751e8b465ee728b)  -> (artifact id: '60ae234f4eea83419a7ff5c312ba1d94') in 0.086125 seconds 
========================================================================
Received Import Request.
  Time since last request: 43.249065 seconds.
  path: Assets/Free Pixel Art Forest/Layer_0001_8 1.png
  artifactKey: Guid(7a76d3608e499444bbc38cbd286ac503) Importer(815301076,1909f56bfc062723c751e8b465ee728b)
Start importing Assets/Free Pixel Art Forest/Layer_0001_8 1.png using Guid(7a76d3608e499444bbc38cbd286ac503) Importer(815301076,1909f56bfc062723c751e8b465ee728b)  -> (artifact id: 'b28df3b2e0ed2372f87f7c1ec451360c') in 0.102366 seconds 
========================================================================
Received Import Request.
  Time since last request: 22.715332 seconds.
  path: Assets/Free Pixel Art Forest/Layer_0001_8 1.png
  artifactKey: Guid(7a76d3608e499444bbc38cbd286ac503) Importer(815301076,1909f56bfc062723c751e8b465ee728b)
Start importing Assets/Free Pixel Art Forest/Layer_0001_8 1.png using Guid(7a76d3608e499444bbc38cbd286ac503) Importer(815301076,1909f56bfc062723c751e8b465ee728b)  -> (artifact id: 'c1144ec63d81016646fb4a2ef19394bd') in 0.097433 seconds 
========================================================================
Received Import Request.
  Time since last request: 38.866568 seconds.
  path: Assets/Ground.prefab
  artifactKey: Guid(1b2113d88b4f757409d4faa273c6e70a) Importer(815301076,1909f56bfc062723c751e8b465ee728b)
Start importing Assets/Ground.prefab using Guid(1b2113d88b4f757409d4faa273c6e70a) Importer(815301076,1909f56bfc062723c751e8b465ee728b)  -> (artifact id: 'b0218b4c34648808a8f0dab0187dd1e6') in 0.020084 seconds 
========================================================================
Received Import Request.
  Time since last request: 4.274379 seconds.
  path: Assets/Tiles
  artifactKey: Guid(15b7b7618b5b2854ca43f768a571c861) Importer(815301076,1909f56bfc062723c751e8b465ee728b)
Start importing Assets/Tiles using Guid(15b7b7618b5b2854ca43f768a571c861) Importer(815301076,1909f56bfc062723c751e8b465ee728b)  -> (artifact id: '633773f6c6cb93b6dca6761dd3094c94') in 0.007643 seconds 
========================================================================
Received Import Request.
  Time since last request: 0.029515 seconds.
  path: Assets/Tiles/Layer_0001_8_0.asset
  artifactKey: Guid(674753a0d9826f34e8c0cc0afd429fc4) Importer(815301076,1909f56bfc062723c751e8b465ee728b)
Start importing Assets/Tiles/Layer_0001_8_0.asset using Guid(674753a0d9826f34e8c0cc0afd429fc4) Importer(815301076,1909f56bfc062723c751e8b465ee728b)  -> (artifact id: 'c9554b02274e6e6d74385674db8ed363') in 0.014562 seconds 
========================================================================
Received Import Request.
  Time since last request: 0.000028 seconds.
  path: Assets/Tiles/Layer_0001_8_2.asset
  artifactKey: Guid(853d2df54e54faf4b9f61d61b2cb435a) Importer(815301076,1909f56bfc062723c751e8b465ee728b)
Start importing Assets/Tiles/Layer_0001_8_2.asset using Guid(853d2df54e54faf4b9f61d61b2cb435a) Importer(815301076,1909f56bfc062723c751e8b465ee728b)  -> (artifact id: 'ba9546f119eb4bef48a40f31734228f4') in 0.010963 seconds 
========================================================================
Received Import Request.
  Time since last request: 0.000047 seconds.
  path: Assets/Tiles/Layer_0001_8_13.asset
  artifactKey: Guid(03203d448d72b7d4cbdfa3060446856f) Importer(815301076,1909f56bfc062723c751e8b465ee728b)
Start importing Assets/Tiles/Layer_0001_8_13.asset using Guid(03203d448d72b7d4cbdfa3060446856f) Importer(815301076,1909f56bfc062723c751e8b465ee728b)  -> (artifact id: 'eff3f39a411e110ff76540fd4f4d6f01') in 0.005841 seconds 
========================================================================
Received Import Request.
  Time since last request: 0.000031 seconds.
  path: Assets/Tiles/Layer_0001_8_9.asset
  artifactKey: Guid(6c434fc7a7eb92f4b9263e8e632e12d6) Importer(815301076,1909f56bfc062723c751e8b465ee728b)
Start importing Assets/Tiles/Layer_0001_8_9.asset using Guid(6c434fc7a7eb92f4b9263e8e632e12d6) Importer(815301076,1909f56bfc062723c751e8b465ee728b)  -> (artifact id: 'a5a89a42f7b88ffe086bb9650bd2261a') in 0.004567 seconds 
========================================================================
Received Import Request.
  Time since last request: 0.000026 seconds.
  path: Assets/Tiles/Layer_0001_8_27.asset
  artifactKey: Guid(4192fd04f97cf6c44887309187807767) Importer(815301076,1909f56bfc062723c751e8b465ee728b)
Start importing Assets/Tiles/Layer_0001_8_27.asset using Guid(4192fd04f97cf6c44887309187807767) Importer(815301076,1909f56bfc062723c751e8b465ee728b)  -> (artifact id: 'c4a4e43f824d24bbebee9aed61964e2c') in 0.006678 seconds 
========================================================================
Received Import Request.
  Time since last request: 0.000025 seconds.
  path: Assets/Tiles/Layer_0001_8_15.asset
  artifactKey: Guid(8fb057b111e4a53478b4bc91e9b461a3) Importer(815301076,1909f56bfc062723c751e8b465ee728b)
Start importing Assets/Tiles/Layer_0001_8_15.asset using Guid(8fb057b111e4a53478b4bc91e9b461a3) Importer(815301076,1909f56bfc062723c751e8b465ee728b)  -> (artifact id: '78eb29a8c9cc4a8a77f2ec7d10cfcf9c') in 0.009899 seconds 
========================================================================
Received Import Request.
  Time since last request: 0.000025 seconds.
  path: Assets/Tiles/Layer_0001_8_29.asset
  artifactKey: Guid(da7cfe9776a644b4b8a66f0cab1ef0b6) Importer(815301076,1909f56bfc062723c751e8b465ee728b)
Start importing Assets/Tiles/Layer_0001_8_29.asset using Guid(da7cfe9776a644b4b8a66f0cab1ef0b6) Importer(815301076,1909f56bfc062723c751e8b465ee728b)  -> (artifact id: 'fad6d544f4f55cb3a20c6d950936d2a8') in 0.005925 seconds 
========================================================================
Received Import Request.
  Time since last request: 0.000029 seconds.
  path: Assets/Tiles/Layer_0001_8_16.asset
  artifactKey: Guid(cef8aa73ced68fc4d8297814102e50c1) Importer(815301076,1909f56bfc062723c751e8b465ee728b)
Start importing Assets/Tiles/Layer_0001_8_16.asset using Guid(cef8aa73ced68fc4d8297814102e50c1) Importer(815301076,1909f56bfc062723c751e8b465ee728b)  -> (artifact id: 'd52e1fe807d2d40ab6af0dbc16f474be') in 0.010610 seconds 
========================================================================
Received Import Request.
  Time since last request: 0.000019 seconds.
  path: Assets/Tiles/Layer_0001_8_14.asset
  artifactKey: Guid(530645ce6163ab845a1ceec14bf2b71c) Importer(815301076,1909f56bfc062723c751e8b465ee728b)
Start importing Assets/Tiles/Layer_0001_8_14.asset using Guid(530645ce6163ab845a1ceec14bf2b71c) Importer(815301076,1909f56bfc062723c751e8b465ee728b)  -> (artifact id: '079938abe815757a38f3915a123d1248') in 0.004830 seconds 
========================================================================
Received Import Request.
  Time since last request: 0.000023 seconds.
  path: Assets/Tiles/Layer_0001_8_8.asset
  artifactKey: Guid(91d565d153e6a2a4795640ef314ce792) Importer(815301076,1909f56bfc062723c751e8b465ee728b)
Start importing Assets/Tiles/Layer_0001_8_8.asset using Guid(91d565d153e6a2a4795640ef314ce792) Importer(815301076,1909f56bfc062723c751e8b465ee728b)  -> (artifact id: '666846cf7df0596c2fb8cdc2a53f0cde') in 0.010909 seconds 
========================================================================
Received Import Request.
  Time since last request: 0.000028 seconds.
  path: Assets/Tiles/Layer_0001_8_22.asset
  artifactKey: Guid(900b2a8e3d7990d4296a0bc4be7c7139) Importer(815301076,1909f56bfc062723c751e8b465ee728b)
Start importing Assets/Tiles/Layer_0001_8_22.asset using Guid(900b2a8e3d7990d4296a0bc4be7c7139) Importer(815301076,1909f56bfc062723c751e8b465ee728b)  -> (artifact id: 'fee250331fd2d004893236d0843b8fc8') in 0.004935 seconds 
========================================================================
Received Import Request.
  Time since last request: 0.000079 seconds.
  path: Assets/Tiles/Layer_0001_8_30.asset
  artifactKey: Guid(ddd40c500ff458b4185f2951973c3908) Importer(815301076,1909f56bfc062723c751e8b465ee728b)
Start importing Assets/Tiles/Layer_0001_8_30.asset using Guid(ddd40c500ff458b4185f2951973c3908) Importer(815301076,1909f56bfc062723c751e8b465ee728b)  -> (artifact id: '545c2ba22a4f2fb32ba5bda5bb52af66') in 0.005383 seconds 
========================================================================
Received Import Request.
  Time since last request: 0.000027 seconds.
  path: Assets/Tiles/Layer_0001_8_3.asset
  artifactKey: Guid(81ad5498645e1d3478ca62b047a780b0) Importer(815301076,1909f56bfc062723c751e8b465ee728b)
Start importing Assets/Tiles/Layer_0001_8_3.asset using Guid(81ad5498645e1d3478ca62b047a780b0) Importer(815301076,1909f56bfc062723c751e8b465ee728b)  -> (artifact id: 'c8f8dfa06536d1ee1b905522ef4244d8') in 0.005721 seconds 
========================================================================
Received Import Request.
  Time since last request: 0.000024 seconds.
  path: Assets/Tiles/Layer_0001_8_18.asset
  artifactKey: Guid(4257ef0c1754cb64ab1d4b00489fcb46) Importer(815301076,1909f56bfc062723c751e8b465ee728b)
Start importing Assets/Tiles/Layer_0001_8_18.asset using Guid(4257ef0c1754cb64ab1d4b00489fcb46) Importer(815301076,1909f56bfc062723c751e8b465ee728b)  -> (artifact id: '7941b7d5cdd9debfbf67e2c85bf44ceb') in 0.005529 seconds 
========================================================================
Received Import Request.
  Time since last request: 0.000028 seconds.
  path: Assets/Tiles/Layer_0001_8_24.asset
  artifactKey: Guid(cc51e8da224fa2649b28e04805766b0f) Importer(815301076,1909f56bfc062723c751e8b465ee728b)
Start importing Assets/Tiles/Layer_0001_8_24.asset using Guid(cc51e8da224fa2649b28e04805766b0f) Importer(815301076,1909f56bfc062723c751e8b465ee728b)  -> (artifact id: '93dabb1e519d8a012aba1952fde74038') in 0.012201 seconds 
========================================================================
Received Import Request.
  Time since last request: 0.000023 seconds.
  path: Assets/Tiles/Layer_0001_8_17.asset
  artifactKey: Guid(97639ae3a129d9843acb9e2a30f16682) Importer(815301076,1909f56bfc062723c751e8b465ee728b)
Start importing Assets/Tiles/Layer_0001_8_17.asset using Guid(97639ae3a129d9843acb9e2a30f16682) Importer(815301076,1909f56bfc062723c751e8b465ee728b)  -> (artifact id: '0dea3b3999f823c84f2f6802680e9fb8') in 0.010288 seconds 
========================================================================
Received Import Request.
  Time since last request: 0.000025 seconds.
  path: Assets/Tiles/Layer_0001_8_31.asset
  artifactKey: Guid(feb8da08b48eeec4b93dbc1b638aa041) Importer(815301076,1909f56bfc062723c751e8b465ee728b)
Start importing Assets/Tiles/Layer_0001_8_31.asset using Guid(feb8da08b48eeec4b93dbc1b638aa041) Importer(815301076,1909f56bfc062723c751e8b465ee728b)  -> (artifact id: '88d061599f65dda17848c985f8d61653') in 0.006230 seconds 
Editor requested this worker to shutdown with reason: Scaling down because of idle timeout
AssetImportWorker is now disconnected from the server
Process exiting
Exiting without the bug reporter. Application will terminate with return code 0